8.612061803332738918e+01
8.589183425730735166e+01
8.588117155833853644e+01
8.637786380650086926e+01
8.621006597611562938e+01
8.631259083240105667e+01
8.656838549794767346e+01
8.676575965296288473e+01
8.656608927736070314e+01
8.666899568241991858e+01
8.743197866585924771e+01
8.678776373407285405e+01
8.696885322831512610e+01
8.678525124610902708e+01
8.641053602584155158e+01
8.678867656318135460e+01
8.727095195984324505e+01
8.697263924354400899e+01
8.681555342087055749e+01
8.742713884093909371e+01
8.746648343165452388e+01
8.686200112745538604e+01
8.740386000475670869e+01
8.734388162395013921e+01
8.733171077323603981e+01
8.713846991190810343e+01
8.673365730145606278e+01
8.625859281359652186e+01
8.644823210152718218e+01
8.194741430615741251e+01
7.865889190320403657e+01
