3.243267895066358486e-01
3.211821461277181156e-01
3.286365374836181519e-01
3.478306064285539012e-01
3.430874833127516288e-01
3.316608612571071424e-01
3.257630613386354179e-01
3.349340553294219980e-01
3.474390708054633237e-01
3.471871605425949636e-01
3.486153638688474499e-01
3.364305658925348386e-01
3.287085587473471682e-01
3.351697073078707123e-01
3.119433695563749165e-01
3.296447988595027079e-01
3.366214279634605067e-01
3.048384423308131419e-01
2.914038332414422561e-01
3.111174209003840230e-01
3.489249992080663554e-01
2.919285448528572413e-01
2.782947427088647285e-01
2.811529418864271435e-01
2.756625138990784762e-01
2.803769010373255988e-01
3.100999836313903524e-01
1.650100021433458797e-01
2.008000062456624102e-01
1.480833418694668113e-01
1.830999933245873457e-01
