4.925523703754488025e+01
5.139721125541380786e+01
5.101012685577593686e+01
5.144461431537378360e+01
5.190864720507821062e+01
5.136764444979833399e+01
5.188065005226034287e+01
5.258707544274479773e+01
5.178680278968338513e+01
5.232074202337912538e+01
5.173010490616224644e+01
5.211573148679951117e+01
5.212663189664306174e+01
5.205989714770737464e+01
5.141202804044817043e+01
5.077633471263742138e+01
5.111455407062069156e+01
5.187216573052591428e+01
5.074421402327678265e+01
5.105859833166420003e+01
5.065102547861399529e+01
5.106247536460173109e+01
5.073970146118490021e+01
5.036482562623341153e+01
5.087304351690237070e+01
5.027555733615266575e+01
4.887086484704887113e+01
4.822123552298381099e+01
4.660366604338787511e+01
4.679565965942090600e+01
4.649306604061830939e+01
