2.608030211395196418e-01
2.784009964398216908e-01
2.803320095834984094e-01
2.785366523460759414e-01
2.793463300697690554e-01
2.760104819707634438e-01
2.792467348965865792e-01
2.795782642054787104e-01
2.809632989601235642e-01
2.826034887439136112e-01
2.796247384737795549e-01
2.830897174099736846e-01
2.768973134517878076e-01
2.792207660422456050e-01
2.803257029772927567e-01
2.769630059808699807e-01
2.795767526699611816e-01
2.787876529525490921e-01
2.722424912884209847e-01
2.787349615297116112e-01
2.761049994456433732e-01
2.763962216325843713e-01
2.783037389350310753e-01
2.792353007886717586e-01
2.791529001273186927e-01
2.764514453417407092e-01
2.762068346647444939e-01
2.699909146802503823e-01
2.645268778967708734e-01
2.671743138851299659e-01
2.772400027818510138e-01
