5.528234228025592500e-01
5.770299086430045188e-01
5.652418250141623135e-01
5.630462534460621837e-01
5.693456068482882770e-01
5.641739139511877665e-01
5.652661590570202677e-01
5.670309211279305206e-01
5.542529955163330024e-01
5.597802726040578269e-01
5.516179783480892329e-01
5.509264389964931841e-01
5.495091422917282031e-01
5.499172176465894069e-01
5.411150804421763771e-01
5.326200074043839772e-01
5.336738668215624815e-01
5.399336990723795360e-01
5.234328470885709628e-01
5.271869217745804859e-01
5.230482792298432049e-01
5.273515621198436865e-01
5.228964010555113839e-01
5.158402692651438137e-01
5.217692105444452499e-01
5.165762635042744355e-01
5.016797221335401735e-01
4.950412908942904422e-01
4.773173289791716178e-01
4.786393605394619333e-01
4.767864267454981486e-01
