5.354349205317769922e-01
5.535588608284901513e-01
5.528389441332952625e-01
5.610997349330252293e-01
5.603349127021181042e-01
5.490551361421309728e-01
5.561655615692258081e-01
5.678220533991620300e-01
5.614359518071145860e-01
5.638496189952352244e-01
5.568849180893201689e-01
5.658957779517961306e-01
5.657619090620751301e-01
5.598952179060376899e-01
5.539831747487755642e-01
5.483895978625700218e-01
5.554867455303780233e-01
5.658322648224337614e-01
5.649152197711929668e-01
5.664172485269866053e-01
5.612969555884667061e-01
5.655465739688032567e-01
5.666600457447655836e-01
5.776662284965197180e-01
5.837622395165006361e-01
5.763563869112062754e-01
5.690577232149518494e-01
5.702293789940472424e-01
5.752280479164741944e-01
6.111062807407994235e-01
6.378130603078979721e-01
