7.020783564545777233e-01
7.221382348369028703e-01
7.482605197062824898e-01
7.339587157464719791e-01
7.418732229906708220e-01
7.362000794563203776e-01
7.351542389279609457e-01
7.392708211507288407e-01
7.562812466824584412e-01
7.602743974913325209e-01
7.594301550909243748e-01
7.544352528225553023e-01
7.734699393142069335e-01
7.716808337110989680e-01
7.809182018842235617e-01
7.824029344828089538e-01
7.818107276725322352e-01
7.445719820088847474e-01
7.700877856678255418e-01
7.683041508437243872e-01
7.550693682632164672e-01
7.546090195035543013e-01
7.651729706375411943e-01
7.783940007389847926e-01
7.647757168933474459e-01
7.468733525824502451e-01
7.564888910429554691e-01
7.162981478379818467e-01
7.265142162510900281e-01
6.829974582829955176e-01
6.597790207328717571e-01
