7.634000000000000341e+01
7.655999999999998806e+01
7.688999999999998636e+01
7.685999999999999943e+01
7.708999999999998920e+01
7.694999999999998863e+01
7.690000000000000568e+01
7.676000000000000512e+01
7.692999999999999261e+01
7.657999999999999829e+01
7.685999999999999943e+01
7.693000000000000682e+01
7.676999999999999602e+01
7.700999999999999091e+01
7.724000000000000909e+01
7.728000000000000114e+01
7.690999999999999659e+01
7.717000000000000171e+01
7.726000000000000512e+01
7.696999999999999886e+01
7.683999999999998920e+01
7.690999999999999659e+01
7.735999999999999943e+01
7.660999999999999943e+01
7.718999999999999773e+01
7.631999999999999318e+01
7.613000000000000966e+01
7.550000000000000000e+01
7.601000000000001933e+01
7.378000000000000114e+01
6.523999999999999488e+01
3.696000000000000085e+01
