2.340483452888331983e-01
2.398197926394125545e-01
2.472017015655012528e-01
2.486844390429948093e-01
2.355279494474239455e-01
2.511222384286418974e-01
2.557124841105593571e-01
2.423934977023355919e-01
2.444885694654306274e-01
2.379037827121666948e-01
2.419168318421452690e-01
2.506029108177653675e-01
2.382731537342760997e-01
2.351877840247313112e-01
2.321493065949776224e-01
2.530711075541191568e-01
2.441525700549598554e-01
2.453461014446676747e-01
2.402993217732477538e-01
2.529899266134966185e-01
2.292262039761173709e-01
2.112557553371161578e-01
2.186306073837017139e-01
2.169376214924021440e-01
2.130341170737705681e-01
2.063895951791714367e-01
1.705517969218513508e-01
1.457583582364610775e-01
1.355118406706674050e-01
1.053074965495512383e-01
6.507931856692342198e-02
-4.828544999999999365e-02
