4.837547207699380181e+01
4.872274566064110246e+01
4.934847610406621499e+01
4.879496341437702966e+01
4.964856587436337776e+01
4.953430192753772587e+01
4.934397929196261146e+01
4.950531395220745878e+01
4.993132266498547978e+01
4.997754424365619030e+01
4.995243755335411606e+01
4.963262044699119002e+01
4.941501308333077702e+01
4.967288814121604190e+01
4.965785826750361309e+01
4.939837655677848005e+01
4.949879948644591821e+01
4.928579399569368746e+01
4.922202222473781319e+01
4.880756082465844514e+01
4.911214762279525559e+01
4.918600930989671838e+01
4.879969579639669064e+01
4.842690684532287548e+01
4.703892445767514374e+01
4.724613989795162183e+01
4.724992487790144935e+01
4.616415895962902027e+01
4.561279013228833890e+01
4.488966671554129562e+01
4.196673395197240097e+01
3.782020365382166460e+01
