3.499962156857888695e-01
3.492981109862783318e-01
3.487423269733680997e-01
3.486035189287798319e-01
3.489564303712945348e-01
3.488381950359646932e-01
3.504314662962245697e-01
3.484074455291176764e-01
3.509789869070875090e-01
3.484309146899832177e-01
3.500078011050373750e-01
3.516032380590339845e-01
3.520139019264331148e-01
3.509021558846271982e-01
3.487547987651393178e-01
3.507154663369129732e-01
3.485970102734177734e-01
3.507926228774616573e-01
3.476702299545041397e-01
3.473870916657588737e-01
3.465720336698827064e-01
3.470393292807488206e-01
3.456063169307563854e-01
3.479403572265232780e-01
3.517523330448351637e-01
3.479256909453355973e-01
3.459655188564584871e-01
3.468105116765081153e-01
3.484862756972906817e-01
3.481609187869726396e-01
3.374946629506582751e-01
3.523723509495528261e-01
