5.397696318903060231e-01
5.336222400097722085e-01
5.434159767135643415e-01
5.302016916095820820e-01
5.387263299977974595e-01
5.322944021237202561e-01
5.304927240713739334e-01
5.311423966873326519e-01
5.263601137661848561e-01
5.271018732779100269e-01
5.239612945296703295e-01
5.200326204991088108e-01
5.089789499815552398e-01
5.141109543926678516e-01
5.107625767861353472e-01
5.050666844646151121e-01
5.034586546454713485e-01
5.004823895094665520e-01
5.013218317356229470e-01
4.948919300166899071e-01
4.973888146115997833e-01
4.974871447549304437e-01
4.899770692833186891e-01
4.857150484949840918e-01
4.719922197110850703e-01
4.758731733392800312e-01
4.758847955198052815e-01
4.674537093592024961e-01
4.640502047461719237e-01
4.579763117751061152e-01
4.294707407560989232e-01
3.892965848800226114e-01
