5.291344725712212593e-01
5.390060257831038593e-01
5.386433739781965047e-01
5.366228566311921355e-01
5.430458950047745148e-01
5.444981824964435502e-01
5.385822592521966046e-01
5.382936733542488250e-01
5.530021237998394845e-01
5.503707218723146166e-01
5.519370507810623661e-01
5.469123073347393893e-01
5.576959865862012311e-01
5.546982550145025392e-01
5.594050316126868427e-01
5.619374705768158673e-01
5.686879094541337221e-01
5.686143020308946916e-01
5.649873294447020911e-01
5.674756458252573355e-01
5.749307490974645551e-01
5.809467053060628494e-01
5.934707284962784657e-01
5.977253475250888792e-01
5.884047640270453350e-01
5.931967733991451164e-01
6.071930395431510696e-01
5.945019751719524681e-01
5.919144057642143908e-01
6.002105463349023395e-01
5.912700523351912540e-01
5.740554239165784889e-01
