6.903292597477799220e-01
6.733383489330354577e-01
6.804544517980452012e-01
6.864823486944024999e-01
6.809748471737480102e-01
6.858585542742372532e-01
7.063810538991912580e-01
7.097163956875692792e-01
6.886908979800450137e-01
7.104320924482205868e-01
7.027208185811024688e-01
6.977419842864862609e-01
7.147152072365352549e-01
7.278053007823828136e-01
7.178704685075183445e-01
7.253279678172773748e-01
7.055118355556763143e-01
7.427967682561831264e-01
7.309097761875614774e-01
7.086815597226938657e-01
7.338676053139910893e-01
7.232041350567615101e-01
7.114026646233128082e-01
7.328929602853179182e-01
7.429874131370404200e-01
7.161049122507805453e-01
7.148660080846440668e-01
6.898389130942074177e-01
7.206122231089522323e-01
7.187742200871116705e-01
6.978321480923587172e-01
5.999957920201015593e-01
