8.652970420926442330e+01
8.649902058549787398e+01
8.699236029625507172e+01
8.689623127954061488e+01
8.705492989295200346e+01
8.729565985262024697e+01
8.693559796389884298e+01
8.731362129872040612e+01
8.732539364816675231e+01
8.723402126304043236e+01
8.731655907256686078e+01
8.770548147698431762e+01
8.754172654037607515e+01
8.751229470536171107e+01
8.715603619918678646e+01
8.799552609581255069e+01
8.798730112326023800e+01
8.779995458663753993e+01
8.777372219973055678e+01
8.772383804211897029e+01
8.803701042502929397e+01
8.794383856535780808e+01
8.728852957558912351e+01
8.761976918035557560e+01
8.748590003399070270e+01
8.772346163212105807e+01
8.734717983920225493e+01
8.714545467527111100e+01
8.633038600137122387e+01
8.490900728869276293e+01
7.649243992568335671e+01
