3.297017153477158069e-01
3.424352648051690595e-01
3.414224585489110675e-01
3.303057762537572883e-01
3.531412952318939147e-01
3.356239127716970638e-01
3.417399877187425328e-01
3.568547639245210901e-01
3.602099910474595434e-01
3.628736831961993925e-01
3.593459218175847347e-01
3.271189246973328357e-01
3.737727299489789767e-01
3.496709609145437492e-01
3.534633132609658057e-01
3.450896540625805198e-01
3.495633357401639607e-01
3.346423403885291359e-01
3.228999906771949369e-01
3.363913039258408788e-01
3.113227388443795540e-01
3.476210626057679165e-01
2.972117875865422643e-01
3.010529331582942336e-01
2.631437712904987625e-01
2.926999979475913283e-01
2.451454627485725180e-01
2.149500047212914711e-01
1.826250050112752099e-01
1.358833436986915388e-01
1.233499888252051202e-01
