4.963124275055444912e+01
4.884002354866392182e+01
4.942328678011699594e+01
4.944269234813730662e+01
5.015824567475208084e+01
4.961774244398302613e+01
4.990296975810218782e+01
4.962259082093613927e+01
4.985278855980395463e+01
4.961931795713626059e+01
4.920739849237244101e+01
4.944207569982802397e+01
4.968212881415018956e+01
4.893534662413747327e+01
4.799081656561531872e+01
4.850361483865405177e+01
4.962715186053994643e+01
4.894492084222017070e+01
4.853522698862310847e+01
4.849108269150005412e+01
4.868608059218827577e+01
4.765013725450109661e+01
4.792197809021775612e+01
4.784959285519431660e+01
4.713786253663155179e+01
4.755771323974366283e+01
4.631494504063535089e+01
4.589704773647684988e+01
4.533714481511912453e+01
4.472516030468248260e+01
4.296526699548346784e+01
