2.604482014170497184e-01
2.622611829059378064e-01
2.623176833385795770e-01
2.611564119810600437e-01
2.625180332702549135e-01
2.606637273885137329e-01
2.608093590942713313e-01
2.638691810439016128e-01
2.613428443324804507e-01
2.591581428091946915e-01
2.606652789681962457e-01
2.594658997158750813e-01
2.598041807549142934e-01
2.600494293218996167e-01
2.599853282758627926e-01
2.608397039813301066e-01
2.622874525699518955e-01
2.594562438609736565e-01
2.598388436188655559e-01
2.612531752810288155e-01
2.609548370684405261e-01
2.607203734055952293e-01
2.602488751826694813e-01
2.618645857815765643e-01
2.570487862895864950e-01
2.602539610426073957e-01
2.568972658472843396e-01
2.581930349648520195e-01
2.558764334924901740e-01
2.626147002197397606e-01
2.681795337108178190e-01
