5.559381217665612107e-01
5.393510676867127041e-01
5.452439726031652611e-01
5.469566101636903488e-01
5.450471539355078443e-01
5.342875330643563903e-01
5.399600579405975376e-01
5.337835823994443452e-01
5.328784390237280011e-01
5.246089705934964265e-01
5.227751115580764329e-01
5.242116197938661015e-01
5.226997777043660420e-01
5.091037364024372236e-01
4.996131962217785771e-01
5.031716984899626821e-01
5.130640652871465424e-01
5.057363500590097427e-01
4.990822397661406895e-01
4.987997680395600542e-01
4.976209000436410679e-01
4.821094530999356920e-01
4.895516236563163259e-01
4.851714860083067848e-01
4.805549861499393560e-01
4.876121441989987870e-01
4.731378345209154568e-01
4.701857662007386529e-01
4.638773218563366774e-01
4.566776910659516853e-01
4.353764331810152655e-01
