5.406613574499601338e-01
5.356513622960930032e-01
5.383433541590967319e-01
5.324381675485904131e-01
5.476670190328082333e-01
5.440425960672914396e-01
5.400645454503608667e-01
5.376251990865767993e-01
5.414676017878030656e-01
5.444665223722208180e-01
5.329473709462592135e-01
5.341604000579339706e-01
5.411439365927639411e-01
5.414944487081854163e-01
5.285546054985607034e-01
5.362834028850553825e-01
5.513307399841148593e-01
5.433864206200242908e-01
5.445459761855752090e-01
5.434731844462679096e-01
5.559390003340728414e-01
5.622872807154528640e-01
5.519441141171052001e-01
5.695028475165312409e-01
5.549571281688968627e-01
5.510785760810875678e-01
5.542870875264434005e-01
5.505439618151453107e-01
5.640435529098843936e-01
5.935012098923427848e-01
6.746296336039462327e-01
