7.050007012853809485e-01
7.035790036700747541e-01
7.282173484162024479e-01
7.268013539895575859e-01
7.254037606999320653e-01
7.422578991413056881e-01
7.427860820072514914e-01
7.480151603604993094e-01
7.253445223328214286e-01
7.530553059259967874e-01
7.405006782732713733e-01
7.507915861125076251e-01
7.540359645512393350e-01
7.754507962136178989e-01
7.438453684012448219e-01
7.521911044218231313e-01
7.457491280192747318e-01
7.470467342298604541e-01
7.763024286515642913e-01
7.391156376584232524e-01
7.821618862153029150e-01
7.560793565963210838e-01
7.700832196058945422e-01
7.695642574039112116e-01
7.734616429371727886e-01
7.785494583374071853e-01
7.577762685606024284e-01
7.399988675240998237e-01
6.660382421780497442e-01
7.000564046694901510e-01
7.263743644815854328e-01
