8.581522393042561703e+01
8.587168136652232420e+01
8.616672347403886079e+01
8.640825542821622207e+01
8.594084671829220667e+01
8.621501173116763539e+01
8.672394575269491668e+01
8.695849212318677246e+01
8.691948912798535787e+01
8.638168366177146140e+01
8.608092979869061878e+01
8.659694957577137586e+01
8.708675706154055263e+01
8.689375883112309396e+01
8.694183353534235437e+01
8.700544613914654235e+01
8.711805104826028412e+01
8.693903222754994431e+01
8.767493571834037880e+01
8.714140864912437223e+01
8.727192039283258396e+01
8.726544202483367485e+01
8.738692692806726825e+01
8.751690267173597704e+01
8.702768784371190236e+01
8.655518266922150872e+01
8.686448895566034878e+01
8.671772509810321594e+01
8.607891710543024999e+01
8.565787502360718975e+01
7.478279067685940618e+01
