3.099596536679120051e-01
3.251963682044302084e-01
3.398980503735175018e-01
3.458265087070773180e-01
3.448541723115850499e-01
3.210212861199875367e-01
3.361999846478285758e-01
3.490431726402967172e-01
3.517097522240427154e-01
3.416657814200700916e-01
3.172563999814890234e-01
3.390918862012042845e-01
3.389250086782979454e-01
3.242970717688796189e-01
3.252187476406345201e-01
3.438785599733965581e-01
3.528464111146688564e-01
3.143862160478473888e-01
3.078153826168228968e-01
3.166666590469130460e-01
3.133952504251993898e-01
3.045571086807881134e-01
3.284333097130899271e-01
3.085437622570085803e-01
3.227571538877044288e-01
2.417714255070272933e-01
2.296272940978497101e-01
2.521099997390364167e-01
1.646124963693187393e-01
1.401833335812708581e-01
6.777499812448854744e-02
