5.140592428549832249e+01
4.932394203121348397e+01
4.965239352921269500e+01
4.957659493529491357e+01
4.985053807641861567e+01
4.914697760278784244e+01
4.956314954497040759e+01
4.980417046531166392e+01
5.024873308269801697e+01
4.975612959805017255e+01
4.997105608868628224e+01
4.980105265086101696e+01
4.943951859801762083e+01
4.954135476852152919e+01
4.913118275590682060e+01
4.973476991278138115e+01
5.007789137888284614e+01
4.932754882779421735e+01
4.897652454692986623e+01
4.865048488140723038e+01
4.859035780855549547e+01
4.776046516004969789e+01
4.692056871405434038e+01
4.751460263151577124e+01
4.850547752964735793e+01
4.671491428724782935e+01
4.715536523521914347e+01
4.614131384629590826e+01
4.651574251636917268e+01
4.464491421603229782e+01
4.249164567484388755e+01
