2.779615487004308827e-01
2.617523873010735302e-01
2.626282087388423503e-01
2.608337559299271358e-01
2.606163034334849082e-01
2.616256658503773314e-01
2.606145668995650255e-01
2.616750524459490745e-01
2.608582925357103011e-01
2.620761260947179760e-01
2.597788504810203403e-01
2.595314656841401502e-01
2.611183496714567509e-01
2.604005941214427300e-01
2.608399008255707363e-01
2.580398416452255872e-01
2.607141296346305315e-01
2.586793612205680604e-01
2.608833239198975473e-01
2.593537067948146202e-01
2.588082928630928703e-01
2.614100322221596939e-01
2.605486465343396785e-01
2.613129381968222753e-01
2.582908970869536858e-01
2.561338572477291908e-01
2.574470636571752902e-01
2.585733580035508572e-01
2.565251807494607905e-01
2.627811455621168468e-01
2.661754953512497357e-01
