5.737370041552350974e-01
5.507709752192103680e-01
5.481732236675593839e-01
5.422995087624817856e-01
5.420571800680766827e-01
5.335287656313583149e-01
5.373578311439185518e-01
5.379330046495206519e-01
5.388037837159647125e-01
5.310138741929029127e-01
5.304252973042103969e-01
5.222074952029812644e-01
5.169898996305076766e-01
5.199625611729281616e-01
5.095189469037605390e-01
5.170145143436867263e-01
5.146715742839971242e-01
5.069385348895353305e-01
5.024012591838191710e-01
5.026428404481407819e-01
4.987472492168029681e-01
4.859944925929617354e-01
4.745935216231689791e-01
4.812174659211619909e-01
4.931764941034904037e-01
4.740931715981223094e-01
4.823957850453816643e-01
4.690953150186806808e-01
4.763917847640578018e-01
4.553634630176870979e-01
4.328615846138742507e-01
