5.621248170447401549e-01
5.344701554816762012e-01
5.403909985949900685e-01
5.410751420920851817e-01
5.438794241561810683e-01
5.334220795391698688e-01
5.349370773380095478e-01
5.364808542228806099e-01
5.432590478601885264e-01
5.382962730667553153e-01
5.419809625464749869e-01
5.480712464907079307e-01
5.442477479523400996e-01
5.394153558313121710e-01
5.451183817237512663e-01
5.475536279311055132e-01
5.633741461015947527e-01
5.544869270361655333e-01
5.527548677654454679e-01
5.387509300197231843e-01
5.481983514169590510e-01
5.543144385329400459e-01
5.580656192244954905e-01
5.678049446012478629e-01
5.773064030081427322e-01
5.679543680028066310e-01
5.600201333083514310e-01
5.806242949228263006e-01
5.743815714976333586e-01
5.983060457209510297e-01
6.315005139774423348e-01
