7.311786474392235613e-01
7.158530032951010424e-01
7.213218364920004344e-01
7.212566725627508335e-01
7.452912491093982572e-01
7.372837037546432493e-01
7.297503784423685635e-01
7.388479731721310229e-01
7.375242360448504009e-01
7.370067304472087688e-01
7.644568313301819407e-01
7.180154798884320622e-01
7.323676897574543654e-01
7.403730361200683285e-01
7.413645331265541483e-01
7.411026353367292652e-01
7.538680389263973103e-01
7.564627909875335510e-01
7.866144346166180634e-01
7.470652407897551139e-01
7.852937136578493904e-01
7.477921686270700974e-01
7.445308308936441355e-01
7.764406603241171823e-01
8.008968986057432016e-01
7.319939168195614965e-01
7.447000418896853047e-01
7.197942764108227198e-01
7.337287373302482374e-01
6.553411479781166005e-01
7.474986972881103586e-01
