9.442114600782154810e+01
9.440114162606177217e+01
9.445049643673951323e+01
9.454227253937702358e+01
9.444795988113236263e+01
9.470217956541199555e+01
9.476862211898894373e+01
9.453212231607210470e+01
9.451841931456667112e+01
9.444491521422852998e+01
9.467333724779075510e+01
9.470497217710567384e+01
9.450962138746871233e+01
9.484863964602806163e+01
9.493770715537530691e+01
9.481137948456229481e+01
9.510446768260119654e+01
9.459458799855519828e+01
9.485396881332886210e+01
9.496955413113688849e+01
9.498934646645000157e+01
9.464838378198361113e+01
9.462719514082364469e+01
9.414878234928579559e+01
9.435652385298476474e+01
9.421843760657334599e+01
9.470298374155875365e+01
9.432378868267305450e+01
9.405920672864183985e+01
9.400667922301701651e+01
9.387007330085582169e+01
9.403505743898143976e+01
