8.305506238857166545e-01
7.986511998339400620e-01
8.457237908524914971e-01
8.478198463298471932e-01
8.490048584327464232e-01
8.141379436867024477e-01
8.469990354542238364e-01
8.316890598074357932e-01
8.357217464180031197e-01
8.272728388625887330e-01
8.042791037426351153e-01
8.335984072900833874e-01
8.535254233808067248e-01
8.596318128820505944e-01
8.358786541430665018e-01
8.150682333299422710e-01
8.365874298113409324e-01
8.215273251251908881e-01
8.623890958089295289e-01
8.366632042262278635e-01
8.261699559092979817e-01
8.460713025861670289e-01
8.533172962146757801e-01
8.452884221881713511e-01
8.587459847097063115e-01
8.729612499333063713e-01
7.018969978937636967e-01
8.388684190448234546e-01
8.777679559491584627e-01
8.691919488325325904e-01
8.762566152995647784e-01
8.793110042823779615e-01
