3.928411558274967774e+01
3.933642594164295048e+01
3.906089640537648222e+01
3.932305115775078264e+01
3.989154984605551135e+01
4.008439457476033851e+01
3.940366873137121928e+01
3.881525094328489445e+01
3.962108612047009615e+01
4.067992125868829589e+01
4.000463058647861914e+01
3.974573177582212935e+01
4.159132080255018593e+01
4.048512209825162955e+01
4.076327719581971110e+01
4.086864093975713530e+01
4.062197961165552584e+01
4.084163436502402078e+01
3.956981274820095962e+01
4.059682522111837955e+01
3.985088317510813738e+01
3.871338444420399583e+01
3.923267618938991319e+01
4.120923970349506504e+01
3.958683947873265652e+01
4.075433151503279561e+01
4.066532980986418266e+01
4.236225312996950976e+01
4.297683283648621710e+01
4.500882681806261587e+01
4.485151518880599042e+01
4.620680491479721752e+01
