2.623614044976720905e-01
2.612289956303802119e-01
2.617338162721772332e-01
2.610296655930069987e-01
2.642285540064653881e-01
2.632171835405318072e-01
2.659146743735917306e-01
2.647087830511675177e-01
2.634544008869104670e-01
2.663583608651383661e-01
2.632946564878549389e-01
2.626981899915471486e-01
2.669586814982306544e-01
2.653815054734128265e-01
2.641470719715899862e-01
2.657804524332084695e-01
2.666298634564779890e-01
2.666454547829376631e-01
2.649648903959970214e-01
2.665096256169919298e-01
2.664248999698863307e-01
2.752406765174457148e-01
2.737217093129781231e-01
2.862442417887657853e-01
2.841292346247471512e-01
2.922681583318070264e-01
2.778277062925364471e-01
2.905972019978440013e-01
2.939503476452317021e-01
2.952662439472838463e-01
2.940442969320288813e-01
2.938597718851179708e-01
