4.530620441550982647e-01
4.437101395733638043e-01
4.449163383175758768e-01
4.461058176331687553e-01
4.452534247024571012e-01
4.480390887922852672e-01
4.383965057422862244e-01
4.318876433567854223e-01
4.350806574166252716e-01
4.447352867681497179e-01
4.373968191969289099e-01
4.374678067962352590e-01
4.491219306236838293e-01
4.323973720372094598e-01
4.388625674114746689e-01
4.351860036633399265e-01
4.358467182661113770e-01
4.341059353590750458e-01
4.229787819286193740e-01
4.312005287308790513e-01
4.270109229075594870e-01
4.237359210028337486e-01
4.263647019408823846e-01
4.451663691646866594e-01
4.297781116478975871e-01
4.393113032600683976e-01
4.287353090065245120e-01
4.525113458502257324e-01
4.564497227684190528e-01
4.760186295374709275e-01
4.709211483858171676e-01
4.823372116445165947e-01
