4.141289489667228096e-01
4.213713724921814285e-01
4.093234873395074080e-01
4.099083739530587911e-01
4.209036766369260718e-01
4.180059602698469878e-01
4.096738108373790266e-01
3.994155656417047173e-01
4.126627976446362034e-01
4.229972887624574573e-01
4.120140559162746574e-01
3.996909453845771676e-01
4.310170303666172598e-01
4.258058496714093866e-01
4.176757949302073447e-01
4.263659809085036945e-01
4.119248413983905843e-01
4.214574026264141793e-01
3.974944288744760024e-01
4.125036066587859374e-01
3.867303194963264690e-01
3.282280986495311748e-01
3.364549033029534675e-01
3.557853108867145564e-01
3.116233380310482470e-01
3.257374977531206084e-01
3.906024910727018962e-01
3.296500869962502023e-01
3.369553963588482470e-01
3.438795940316593525e-01
3.723402347303891302e-01
4.317035968885661879e-01
