4.525953706292936696e-01
5.250477966158577647e-01
5.451146823554254839e-01
4.239770918076883333e-01
5.082903107076562899e-01
4.723802924975452622e-01
4.756218935248440194e-01
4.142315996685526081e-01
3.940597648519708618e-01
4.295124400946406240e-01
3.907388059537257874e-01
3.796542596165285999e-01
3.269580543863336297e-01
3.465027499101933084e-01
3.347411792435103783e-01
3.569424615749257068e-01
3.669621661862222939e-01
3.700626575728099277e-01
3.452335253974871399e-01
3.469580334155151768e-01
2.970409738550397472e-01
1.780351472986224648e-01
2.383302591149150662e-01
4.448093014056818673e-01
9.750597048772441378e-02
4.165532839771614038e-01
1.273189819444293658e-01
4.369595059245754420e-01
3.867818011807235834e-01
3.845142060544660123e-01
4.853363116915294651e-01
4.160617926189190130e-01
