7.690999999999999659e+01
7.716000000000001080e+01
7.685999999999999943e+01
7.690999999999999659e+01
7.663000000000000966e+01
7.701999999999999602e+01
7.762999999999999545e+01
7.698000000000000398e+01
7.695000000000001705e+01
7.713000000000002387e+01
7.746000000000000796e+01
7.754999999999999716e+01
7.679999999999999716e+01
7.715999999999999659e+01
7.740000000000000568e+01
7.759000000000000341e+01
7.742000000000000171e+01
7.765999999999999659e+01
7.785999999999999943e+01
7.739999999999999147e+01
7.717000000000000171e+01
7.789000000000000057e+01
7.755000000000001137e+01
7.726000000000000512e+01
7.722999999999998977e+01
7.690000000000000568e+01
7.682999999999999829e+01
7.500000000000001421e+01
7.450000000000000000e+01
7.165999999999999659e+01
6.989000000000001478e+01
3.535999999999999943e+01
