2.382006495651270428e-01
2.504995118289187195e-01
2.391665336330644764e-01
2.394729712820134471e-01
2.376484221697359178e-01
2.504831812804281244e-01
2.621749504135114650e-01
2.452309551722103020e-01
2.475636889790729378e-01
2.385266846555500475e-01
2.434351789446451142e-01
2.534759269042807239e-01
2.246754535613941783e-01
2.366064551806811300e-01
2.584526759373537153e-01
2.414609686000508959e-01
2.260709933963240270e-01
2.457944832961773685e-01
2.429743469202159389e-01
2.405093072487470840e-01
2.065200375897770779e-01
2.266924578115039890e-01
2.338750573692299772e-01
2.213029346044164958e-01
2.370887784397868459e-01
1.731821922859025087e-01
1.868771973302302547e-01
1.786419261054103536e-01
1.364259589047449317e-01
1.270404527532001393e-01
8.342685071771495375e-02
-6.424610802214618388e-02
