4.888652588986658998e+01
4.866955789807466459e+01
4.882231920132891645e+01
4.899443772930738561e+01
4.923505573039832939e+01
4.932180554216558477e+01
4.974318282291263671e+01
4.937736145811152255e+01
4.920138212302194347e+01
4.945396539349283671e+01
4.966505535487826251e+01
4.985890715080977742e+01
4.938937642783987769e+01
5.016752094009000729e+01
4.945904502781841217e+01
4.908344679352417472e+01
4.949367974448678353e+01
4.943106982370942148e+01
4.970872129140366269e+01
4.952098496130784611e+01
4.924345666902471663e+01
4.878895559928146497e+01
4.870774610322308718e+01
4.809717659891653341e+01
4.792302735232061650e+01
4.722293836670109357e+01
4.647690791048658099e+01
4.632771437329695630e+01
4.541988602394022223e+01
4.300334737737569668e+01
4.266018979370045372e+01
3.867595238258093815e+01
