3.521094267632098873e-01
3.505379309276130395e-01
3.480227627685618108e-01
3.507835478235339921e-01
3.500156691316831381e-01
3.498949790289280215e-01
3.489280842393389093e-01
3.504474281593744633e-01
3.491249575760377311e-01
3.512034577316601736e-01
3.504157945669568175e-01
3.518633191113672010e-01
3.499479066462288235e-01
3.514971225387804044e-01
3.502361199648677537e-01
3.499647018198150383e-01
3.493967133467681951e-01
3.486410617395668265e-01
3.468593612733621434e-01
3.498679530669087656e-01
3.489269718697612377e-01
3.489727920454457344e-01
3.481539105321658778e-01
3.487450217797813390e-01
3.448204632483386489e-01
3.467786368658420382e-01
3.459716960363808380e-01
3.495307950526329033e-01
3.470183873043300449e-01
3.440500290974454201e-01
3.508488915285036813e-01
3.769338278146239785e-01
