5.432732264901445340e-01
5.379632177682068805e-01
5.361191273110585964e-01
5.403769870786354623e-01
5.364882767979796130e-01
5.340408980178815712e-01
5.326974102893747842e-01
5.279538909018486326e-01
5.191507912043086259e-01
5.175412465842598175e-01
5.201655986081317184e-01
5.221359967026585336e-01
5.142937454227808347e-01
5.202054744449422508e-01
5.079733553228510390e-01
5.020399363796980152e-01
5.068251406528050396e-01
5.027941234462860454e-01
5.061151472916074479e-01
5.008776475532287220e-01
4.977147184545333558e-01
4.885947620691717397e-01
4.916197211729302352e-01
4.823328472697814284e-01
4.838960984658666753e-01
4.793016513974807657e-01
4.678498314436064787e-01
4.689684842938054987e-01
4.602819248585111045e-01
4.372662302536896584e-01
4.385071727245258844e-01
3.997296474736165561e-01
