5.369581258471780583e-01
5.332591342057446671e-01
5.345632441902580245e-01
5.295280460754984153e-01
5.358013890642746579e-01
5.370854383416682198e-01
5.456944954487551458e-01
5.394360963407126563e-01
5.442239459277177227e-01
5.506852306436962330e-01
5.500067239197192759e-01
5.498598313745853838e-01
5.475933377297476090e-01
5.583858066244752338e-01
5.586347746860261809e-01
5.579512355563797099e-01
5.609859158020350511e-01
5.682972898431879472e-01
5.709989099589378725e-01
5.792306309340026216e-01
5.794967889478181977e-01
5.920937238265793212e-01
5.831478623153631968e-01
5.939502243211096655e-01
5.858880623747829697e-01
5.738510046331288805e-01
5.987231043887254467e-01
5.976187826524258506e-01
6.054414247654410497e-01
5.920378163097972379e-01
5.668836260548342221e-01
5.320297691438491405e-01
