6.827478847281879260e-01
6.767509143964053342e-01
6.742280488778499281e-01
6.953374895237828257e-01
6.983460294751938635e-01
6.914882412744848272e-01
6.932804821323982347e-01
7.006229501169338736e-01
6.958704558352398761e-01
7.004917692422465425e-01
7.146305154338975507e-01
6.910056760745405535e-01
7.167546473860945122e-01
6.891489295397583703e-01
7.161919878714382293e-01
7.236199334024671082e-01
7.248455492980352410e-01
7.235128159420668448e-01
7.239015747592280059e-01
7.508210357808188240e-01
7.106163790891654175e-01
7.313285673237419626e-01
7.570979682913840936e-01
7.503428974450840894e-01
7.300278323806373981e-01
7.201506239206073579e-01
6.832015995231268679e-01
7.383948593208488065e-01
6.999990627338424920e-01
6.164474707752998217e-01
7.447338762416871871e-01
7.944794593198646337e-01
