7.678000000000000114e+01
7.654000000000000625e+01
7.664000000000000057e+01
7.682000000000000739e+01
7.724000000000000909e+01
7.685999999999998522e+01
7.731000000000000227e+01
7.712000000000000455e+01
7.727000000000001023e+01
7.698999999999999488e+01
7.728999999999999204e+01
7.684000000000000341e+01
7.733000000000001251e+01
7.778000000000001535e+01
7.704000000000000625e+01
7.737000000000000455e+01
7.659000000000000341e+01
7.732000000000000739e+01
7.722999999999998977e+01
7.731000000000001648e+01
7.726000000000000512e+01
7.756999999999999318e+01
7.692999999999999261e+01
7.703999999999999204e+01
7.692000000000000171e+01
7.706000000000000227e+01
7.629999999999998295e+01
7.559999999999999432e+01
7.419000000000001194e+01
6.931999999999999318e+01
6.896999999999999886e+01
3.739000000000000057e+01
