2.581096185866313397e-01
2.458289088287768653e-01
2.426159097882115701e-01
2.433921497456967009e-01
2.557622536670297597e-01
2.467703006564052337e-01
2.372739298509426720e-01
2.365144665523863099e-01
2.513275969924589903e-01
2.566669247357419859e-01
2.531668279099315022e-01
2.339449071323293494e-01
2.472421747539294556e-01
2.590514450009502312e-01
2.435822708020710381e-01
2.462445688272480171e-01
2.374911615761067796e-01
2.282622391866729605e-01
2.116832656782604571e-01
2.441659720912597864e-01
2.543425385304022290e-01
2.299218157837878695e-01
2.431826442854449488e-01
1.864720526911811671e-01
2.161382728975772549e-01
2.326748117929811621e-01
1.686078160145384197e-01
1.821315127674611456e-01
2.005119696196650536e-01
1.052304580376848542e-01
5.926691479804681306e-02
2.818008901579930172e-04
