4.803767719154190985e+01
4.882529477273258323e+01
4.826314324736942751e+01
4.865616950029934884e+01
4.924767039930790702e+01
4.932491558640966645e+01
4.989549272825180992e+01
4.957565715194175482e+01
4.913733158354892794e+01
4.961471921917301842e+01
4.904081768466082281e+01
4.954027183163496773e+01
4.959161700508611403e+01
4.997161851021932222e+01
4.976521050808260327e+01
4.967676331180161498e+01
4.926710384650220931e+01
4.924417698257595788e+01
4.933301034717764111e+01
4.950042684658023262e+01
4.830759779182677960e+01
4.890762229890383139e+01
4.883968122337422813e+01
4.796814442583597327e+01
4.828154632742104724e+01
4.712423607433552775e+01
4.654655162652358769e+01
4.629601157138900902e+01
4.485856615242597911e+01
4.323389720964549809e+01
4.358767691785616449e+01
3.854512390895239093e+01
