3.457112190168979415e-01
3.485618256776594204e-01
3.532209524188910099e-01
3.484486574174877616e-01
3.461494855541821791e-01
3.494076420574491748e-01
3.505250610782317811e-01
3.521163205861170264e-01
3.486626591281083987e-01
3.511124838681849991e-01
3.507875029396633204e-01
3.495452258314487026e-01
3.492234284042204373e-01
3.487091204934781308e-01
3.498644367484519124e-01
3.475464978105961555e-01
3.483666898348037333e-01
3.491655116336616627e-01
3.454432849656451920e-01
3.518533618741905289e-01
3.479271802308052663e-01
3.482486035898175181e-01
3.467525287107078857e-01
3.477528064032475164e-01
3.439849806679491362e-01
3.444393264252441078e-01
3.450182299501940997e-01
3.474515375653449145e-01
3.516546080890528003e-01
3.393128674326977290e-01
3.390846153287801479e-01
3.426610852184228673e-01
