5.336824922154232986e-01
5.401325262829942409e-01
5.292496877431288604e-01
5.301169967749123080e-01
5.365612255907284966e-01
5.290826671264088343e-01
5.388637491475710695e-01
5.285956533230695698e-01
5.223761078766541166e-01
5.242782031313178992e-01
5.139626709793344572e-01
5.186130554033617779e-01
5.168193084718284425e-01
5.197010568568464217e-01
5.110971586516346310e-01
5.134039450371430391e-01
5.016034901819231839e-01
4.999244798728268435e-01
5.010422245582034639e-01
5.013644749080659047e-01
4.869295115964428211e-01
4.892938948358850348e-01
4.925203848080942359e-01
4.832948243030022462e-01
4.835378878500146693e-01
4.750205847666097436e-01
4.675666874419686092e-01
4.667268123046022787e-01
4.527693989510037653e-01
4.391885293387519651e-01
4.463944004509370900e-01
3.955560804549764220e-01
