5.277939022519981815e-01
5.344913906254148417e-01
5.292439350954315502e-01
5.334671738439642485e-01
5.360170877888238428e-01
5.433953854360795699e-01
5.413472479147868333e-01
5.436504185734256644e-01
5.378831628215784422e-01
5.448471981801056296e-01
5.425604261150321905e-01
5.466612481457590045e-01
5.490860180275650704e-01
5.533109988893918363e-01
5.621336533374257094e-01
5.534550983503881971e-01
5.649145153461411217e-01
5.684555702247025000e-01
5.699084100879973080e-01
5.770677711071909854e-01
5.724511918671214561e-01
5.950908771087255467e-01
5.862870603039924688e-01
5.834138573079110657e-01
6.080027845142977894e-01
5.897486323451602841e-01
6.053547704510235938e-01
6.107444727975549492e-01
6.136688808489398905e-01
6.000208677372232957e-01
6.083503108632246636e-01
6.225306873549408815e-01
