6.812640867019303936e-01
6.687238308618101978e-01
6.963465131124150220e-01
6.811751174608912107e-01
6.806653288030833915e-01
6.920843547991500921e-01
6.852882067504757480e-01
7.002839904314112074e-01
7.002432181095760155e-01
7.104404306066572916e-01
7.026274389104747442e-01
7.115739513390730853e-01
7.317988110569209059e-01
6.986596495098323922e-01
7.283863425345045162e-01
7.216787722691792029e-01
7.155671901171467564e-01
7.331412586286408795e-01
7.170326526425977454e-01
7.360456851758204744e-01
7.294086176874948757e-01
7.666850371227056371e-01
7.369721776630316912e-01
7.373383808154064800e-01
7.446389939402632274e-01
7.206503473091367962e-01
7.172516086064263385e-01
7.395985900869714857e-01
7.360929052322242594e-01
6.897902029948685954e-01
7.209241050841095344e-01
7.217309970330204605e-01
