9.390636124936806084e+01
9.470987725151317704e+01
9.443506105577365872e+01
9.443641335198060460e+01
9.410589695566916646e+01
9.444745176983566637e+01
9.469046499945348216e+01
9.435068657438725381e+01
9.459881692485922144e+01
9.475639944173371987e+01
9.451977161077363121e+01
9.432201229357278294e+01
9.482034544846703739e+01
9.466149465378896366e+01
9.471550248366401092e+01
9.449524223785977028e+01
9.472802122576928241e+01
9.470268767670870602e+01
9.453871976117649467e+01
9.476752187799215221e+01
9.463400463237468330e+01
9.466090252408886840e+01
9.469638629645437788e+01
9.419331610395940402e+01
9.425963062949308835e+01
9.401238847357124939e+01
9.385243743789639836e+01
9.449849895121027998e+01
9.408263586055889505e+01
9.395482786549565901e+01
9.389354644241274173e+01
9.421014779077208345e+01
