8.243690347074987823e-01
8.445238271689664566e-01
8.414773936141600741e-01
8.495220018879339197e-01
8.425227657800598013e-01
8.514170064192357890e-01
8.014938430429116023e-01
8.337090055965833413e-01
8.513441434155961662e-01
8.584369691022513127e-01
8.572170736633009103e-01
8.335217734953888069e-01
8.068335071958516735e-01
8.367331926048380275e-01
8.614961254440369753e-01
8.502883678212374008e-01
8.551338341510736907e-01
8.582881268039748157e-01
8.329226115349305237e-01
8.313675444059658304e-01
8.552393703172388451e-01
8.636072286959817212e-01
8.685593776772243535e-01
8.472312945310294108e-01
8.762940488827306584e-01
8.057485813554303711e-01
8.453745809231201225e-01
8.535072850009645107e-01
8.773732396234863451e-01
8.741886555010259796e-01
8.780785943008047045e-01
8.814679167324810383e-01
