3.835938275077249671e+01
3.888078332425831007e+01
3.840950338079537829e+01
3.986585788418501153e+01
3.868585976879974453e+01
3.991471643423209059e+01
3.976442273166966146e+01
3.972320195358550876e+01
3.928308979972764092e+01
4.000194637595208746e+01
4.003214750784442089e+01
4.038197992670176006e+01
3.990058828395711998e+01
3.950011318591531762e+01
4.045695134081174160e+01
3.989971154287054844e+01
4.008467869410040407e+01
4.015540606266171153e+01
4.018642786464128136e+01
3.969020299104806782e+01
4.013562235853137850e+01
3.976080432780696583e+01
3.894792274840781232e+01
4.066739219733986488e+01
4.067019744265967773e+01
4.203628598978269082e+01
4.205473306019269586e+01
4.231381628295259389e+01
4.249488391059813353e+01
4.465606092527737303e+01
4.502989368592543684e+01
4.534284059345181817e+01
