2.602991799557142216e-01
2.609681428407701897e-01
2.609800035750364788e-01
2.632574130852767258e-01
2.603207966932976070e-01
2.627411047700866087e-01
2.644189762885412742e-01
2.639681358159951530e-01
2.628467186870006023e-01
2.638378404241439878e-01
2.634723022330714426e-01
2.624970870162727787e-01
2.648364407864523540e-01
2.657043065034025431e-01
2.657337409720221810e-01
2.638183560347389656e-01
2.647363092982559230e-01
2.673222746027973384e-01
2.672703262618759124e-01
2.664458424452991747e-01
2.680719997452613579e-01
2.705337395353760166e-01
2.782290027052597980e-01
2.900669875939764775e-01
2.895261840917341400e-01
2.911788140744814846e-01
2.917748085825785931e-01
2.930627660346953323e-01
2.932875054835996642e-01
2.939129383365082226e-01
2.945331853942833589e-01
2.936277556978341141e-01
