4.545124856806926350e-01
4.491645803920910618e-01
4.443629652280377540e-01
4.483489268902444147e-01
4.394558161043677358e-01
4.373444050896651558e-01
4.407316283533909695e-01
4.376005112376382677e-01
4.328668519206547716e-01
4.307520335460769401e-01
4.376460708621778828e-01
4.326916829117232743e-01
4.372913571448587278e-01
4.313375659127226536e-01
4.425807799258022479e-01
4.287194129751334959e-01
4.280435089834021545e-01
4.300931330273077835e-01
4.319832706576618997e-01
4.273392806760890061e-01
4.215948403632051034e-01
4.327928751144793362e-01
4.246102540127336678e-01
4.432347693716882642e-01
4.433018611021861122e-01
4.555303990611189735e-01
4.522222034408168723e-01
4.501448884071808654e-01
4.483862080626055402e-01
4.716438067197216144e-01
4.726220646687045446e-01
4.725749594161552936e-01
