3.907137439494654529e-01
4.044806571916371163e-01
3.941366232774722866e-01
4.204384607239020077e-01
3.981319056005889756e-01
4.280012295055559135e-01
4.158309273296855180e-01
4.154110381748928327e-01
4.067627902677947715e-01
4.266906866225082529e-01
4.123895852947345175e-01
4.282040874887521609e-01
4.004720384794559496e-01
3.952711183100905412e-01
3.981101637230793355e-01
4.069798184553019560e-01
4.118202231590991635e-01
4.051124823565514510e-01
3.960752556881570463e-01
3.834208260168994742e-01
4.206471490742283992e-01
3.488783978093035754e-01
3.266169437571976863e-01
3.264160574869720555e-01
3.064654550852445869e-01
3.146744243193071999e-01
3.221897163057566016e-01
3.515687539677335716e-01
3.761329570871472794e-01
3.547225167109221422e-01
3.788972180225597119e-01
4.613834195676968508e-01
