3.777671469201523413e-01
5.099739069129586300e-01
4.966542638971876977e-01
5.045776569270593592e-01
4.204219249337165509e-01
4.813115208402031220e-01
4.312924763781058601e-01
4.520213151989506128e-01
4.547534767581204451e-01
4.668628643504926234e-01
4.447319274624200736e-01
4.129094268751500874e-01
4.175724164379907011e-01
3.712807794750835888e-01
3.576930654366801132e-01
3.608323417784549680e-01
3.592280323138422604e-01
3.337637079261828177e-01
2.881654479737968400e-01
2.727998865237348247e-01
2.930364304877097203e-01
1.866046521010965575e-01
1.775217645307551328e-01
4.288269389619945304e-01
4.468025892765244977e-01
5.000687667074603660e-01
4.037286819348839262e-01
3.082728651598370950e-01
5.080941555872693360e-01
5.066564471276711057e-01
3.548816655862372382e-01
3.610630545699285987e-01
