8.652970420926442330e+01
8.653448446357836588e+01
8.608625590941156247e+01
8.603505231737480585e+01
8.598918982628097751e+01
8.609506167729645654e+01
8.571202051415806977e+01
8.548848221842652606e+01
8.559084675767287820e+01
8.498763707683704638e+01
8.493644814748229521e+01
8.423270573618732726e+01
8.425734395500847995e+01
8.407523774526040938e+01
8.340497216316013862e+01
8.322481437580231045e+01
8.338137800982340764e+01
8.210739458743034902e+01
8.194562238448341418e+01
8.143025475102689370e+01
8.182005021171771375e+01
8.034696415164808059e+01
7.875195978643395733e+01
7.859265901299123414e+01
7.711234009700751812e+01
7.509238975710738373e+01
7.405569179489975795e+01
7.110615375828544416e+01
6.965773278078277997e+01
6.063165350763878081e+01
4.982287339779600188e+01
