3.297017153477158069e-01
3.529192333856671637e-01
3.349818018863570668e-01
3.161147747976625344e-01
3.295999787385720525e-01
3.471525437486666643e-01
3.192190461127002998e-01
3.482196784554586477e-01
3.647728722244333310e-01
3.542750156290312424e-01
3.473129090923388063e-01
3.189727239694399308e-01
3.337532407864505779e-01
3.051342937952553624e-01
3.152279334167270020e-01
3.180514780815343334e-01
3.317223738728933835e-01
3.184753977148896964e-01
2.872932143092442603e-01
3.049229648495975775e-01
2.936337963197495071e-01
2.791921261090009043e-01
2.801378111240213076e-01
2.747706738320047637e-01
2.456480990263697761e-01
2.294831083350734047e-01
2.263519501284094737e-01
2.117959345041881547e-01
1.843253127657446255e-01
1.282187380934759202e-01
4.178717399970519053e-02
