4.963124275055444912e+01
4.934934571862719821e+01
4.927075400874281996e+01
4.947120376112244600e+01
4.960981095514350159e+01
5.004543873651609687e+01
4.998729576697765253e+01
5.064266407176683060e+01
5.040518744265514073e+01
5.090252712051930928e+01
5.081794781245962866e+01
5.080665208219612339e+01
5.224628171340360439e+01
5.164303084460172499e+01
5.186526086768511590e+01
5.254420433682930280e+01
5.252839812215256643e+01
5.275598017111695270e+01
5.316350366287684892e+01
5.391331950032253673e+01
5.409626752993116838e+01
5.412929204830476237e+01
5.417247786763044104e+01
5.469869444493682664e+01
5.475317453608116836e+01
4.911283146465440552e+01
5.802519108230070088e+01
5.880570888862564516e+01
6.409683617152057877e+01
5.883901848987347449e+01
5.494828211261368978e+01
