2.604482014170497184e-01
2.619733166698949844e-01
2.645286789222375257e-01
2.598367616431869753e-01
2.625958318031046956e-01
2.630644887085390460e-01
2.624449314620607709e-01
2.643626623139022636e-01
2.662429574408052280e-01
2.658017602101641064e-01
2.671445358919155577e-01
2.662753160011169240e-01
2.681506435028105928e-01
2.717873110096738487e-01
2.701145484969155741e-01
2.723984525379498645e-01
2.734536217065189900e-01
2.725243786430148196e-01
2.774325538856829976e-01
2.769695365221202521e-01
2.834232944218338934e-01
2.838203155472183159e-01
2.797600451300232272e-01
2.818844784369117229e-01
2.763903707008011357e-01
2.854845492290426501e-01
2.873569862162180244e-01
2.874107682517080820e-01
2.863271950658133891e-01
2.907578041078124897e-01
2.798724035412160638e-01
