5.559381217665612107e-01
5.505534768985514971e-01
5.533251816893430819e-01
5.487285839265300114e-01
5.483205358417266861e-01
5.553941587965897098e-01
5.554037907145740194e-01
5.580061360231692857e-01
5.573264375487225752e-01
5.608593871288470867e-01
5.579414630861935231e-01
5.573449364082103674e-01
5.737747585710176734e-01
5.632986395161844184e-01
5.640985220853230730e-01
5.755546764167380758e-01
5.722143691647076924e-01
5.738516267656056380e-01
5.773823293763252762e-01
5.849751410110525240e-01
5.879886166139348669e-01
5.819852992413528936e-01
5.844530980815948462e-01
5.867524755315121077e-01
5.877649164046030439e-01
5.253368329760311761e-01
6.204170913698762169e-01
6.268802887664359780e-01
6.835279535813557628e-01
6.229547315507666383e-01
5.795373286202389895e-01
