5.406613574499601338e-01
5.352863487061796377e-01
5.255915610057149134e-01
5.310116125044950230e-01
5.303060018817628007e-01
5.272894152246393462e-01
5.207797992478151450e-01
5.294320582637841444e-01
5.188758726429488766e-01
5.219310871688749298e-01
5.192227076666628971e-01
5.145511663405256675e-01
5.219251513934021203e-01
5.181923373902570518e-01
5.181990747261125962e-01
5.081172335291512798e-01
5.091679755280570374e-01
5.061834988007274383e-01
5.046714957514363276e-01
5.045016797217840576e-01
4.914602842943174288e-01
5.081280460962859236e-01
4.872153691866232816e-01
4.965419712533167274e-01
4.786708121597489374e-01
4.259275913447762574e-01
4.802508269222522386e-01
4.733016560593249489e-01
4.573301621052876520e-01
4.350054598231209990e-01
3.705361492550048874e-01
