7.050007012853809485e-01
7.092917270463139356e-01
7.165554043791323435e-01
7.231274951104728066e-01
7.100041971139022801e-01
7.066059581496587638e-01
7.016980819431964944e-01
7.076352180971199335e-01
6.994592411486334482e-01
7.238464023620533316e-01
6.735837506420174758e-01
6.947246304868001099e-01
7.077690259620899038e-01
6.971726141514791308e-01
7.046184938340869230e-01
7.035328867149557297e-01
6.878900793747575459e-01
6.905311552248714069e-01
6.851875728084049211e-01
6.823609206895591139e-01
6.814462243148270426e-01
6.786524420714334926e-01
6.593955981958140589e-01
6.710786699194839500e-01
6.501500418959659244e-01
5.803015424073124651e-01
6.316353142246280417e-01
6.283512980034328121e-01
5.960031185708389856e-01
5.266011011020111932e-01
3.881799927640651737e-01
