8.652970420926442330e+01
8.660136862443002315e+01
8.642665400051161839e+01
8.669371746129567669e+01
8.627562169142706239e+01
8.604004311374310987e+01
8.642903991463693103e+01
8.619499823405440964e+01
8.672463983599814696e+01
8.655568278443328722e+01
8.610913022009376050e+01
8.672754262949892734e+01
8.651459082064113204e+01
8.645607441013146399e+01
8.694224287872577861e+01
8.626617845729086298e+01
8.562586356281913424e+01
8.655983326911709241e+01
8.652907846255523339e+01
8.636139244647972646e+01
8.576405214605524918e+01
8.618280008218182786e+01
8.608757311893073449e+01
8.537300023229934709e+01
8.594716712958640414e+01
8.481511457113344932e+01
8.478153323914146711e+01
8.391991312851386908e+01
8.318114755772630531e+01
8.157957601311836981e+01
7.205682024643783734e+01
