3.297017153477158069e-01
3.669240944439726704e-01
3.415999952698050568e-01
3.419894949088749248e-01
3.254372604989508311e-01
3.276966508713616277e-01
3.381559289594698314e-01
3.355196796389139369e-01
3.259357939115851144e-01
3.283290458562929670e-01
3.312596918172647786e-01
3.345292322962123421e-01
3.373363813456945470e-01
3.390453347829117670e-01
3.263956898292229014e-01
3.221811932927573507e-01
3.113166801743764700e-01
3.195464793525925051e-01
3.330029618660517721e-01
3.177218988912582920e-01
2.950329262730574942e-01
2.858405618082422994e-01
2.962351261929559998e-01
3.054302629648814604e-01
2.725666567012549057e-01
2.846688424664317041e-01
2.529802585830577821e-01
2.659705152863120481e-01
2.449379621871209944e-01
2.055183093030855390e-01
1.603770058654129249e-01
