4.963124275055444912e+01
4.940264431039319248e+01
4.968524744091305223e+01
4.984711533248078297e+01
4.964809994728564391e+01
4.931712155262748354e+01
5.087537916573869268e+01
5.093936925182448050e+01
5.173725219008727549e+01
5.189208899121999963e+01
5.210130632706120224e+01
5.255577892155292830e+01
5.298515711571116782e+01
5.309012943181268440e+01
5.337522283579398419e+01
5.344121158105021863e+01
5.345526690337856479e+01
5.465666635169873189e+01
5.512292838825684527e+01
5.509153413199950933e+01
5.555750928883043116e+01
5.613996332760805075e+01
5.576622530819954449e+01
5.786442654498313232e+01
5.716302114389629452e+01
5.733644142846286940e+01
5.844580977232314467e+01
5.819589027985060881e+01
5.952958458089854332e+01
6.029956206980991595e+01
6.178666536720051283e+01
