2.604482014170497184e-01
2.610271158763171062e-01
2.598261152518410166e-01
2.581659617561926634e-01
2.566386817741143633e-01
2.553896065514744129e-01
2.608389645606449814e-01
2.590972531332606521e-01
2.606606720331360316e-01
2.596388008180657847e-01
2.594444109878856208e-01
2.577933196485904799e-01
2.579266992082491217e-01
2.573086541986033815e-01
2.554670519021001174e-01
2.542496754644206769e-01
2.559875971807535344e-01
2.581670704494061774e-01
2.559121521869114901e-01
2.541527457047180749e-01
2.526078628028944340e-01
2.524575345024743789e-01
2.516851161517929536e-01
2.504746182748844308e-01
2.490720377144583220e-01
2.498352588875812352e-01
2.492160182248457645e-01
2.443860427402411717e-01
2.478838875228056848e-01
2.503057706142688410e-01
2.498467107364137629e-01
