5.559381217665612107e-01
5.486391711510126834e-01
5.518752385237858382e-01
5.540522169548937059e-01
5.529069297597556387e-01
5.446016472162635846e-01
5.588466018273583469e-01
5.545859861956882186e-01
5.620222905916413270e-01
5.654073284442523439e-01
5.652580185556356218e-01
5.694206189563379983e-01
5.725587199080122147e-01
5.692479872557424381e-01
5.677206741530221867e-01
5.739632686296179953e-01
5.653445181218208493e-01
5.833833475334974095e-01
5.859271316323706458e-01
5.811904249943703471e-01
5.870012604425408620e-01
5.920869951870590953e-01
5.870732818953635634e-01
6.085814201227964793e-01
5.961595875883564100e-01
6.000400884473028329e-01
6.108751366414789663e-01
6.024813207430512740e-01
6.186293117584490409e-01
6.281380810694534578e-01
6.481786282849844039e-01
