5.406613574499601338e-01
5.385568881726682244e-01
5.369980866346554249e-01
5.336657074822408475e-01
5.254422274462349218e-01
5.232411032725418076e-01
5.391251398659502314e-01
5.423945523769369004e-01
5.483767297577833988e-01
5.427482710017971224e-01
5.443683840206847702e-01
5.457660382449974756e-01
5.482983272958072973e-01
5.537757334943138599e-01
5.623516143128739486e-01
5.457363810999599218e-01
5.631708655783762563e-01
5.571849537309621070e-01
5.639105371463759564e-01
5.728223860505130549e-01
5.701518930450245604e-01
5.752696815231037597e-01
5.710064664563939685e-01
5.899061280444395372e-01
6.049892914981364056e-01
5.912188176992675404e-01
6.034226270263302050e-01
6.469652565121912779e-01
6.432971759749143148e-01
6.328943163808086192e-01
5.291362826526200269e-01
