7.050007012853809485e-01
7.230636840690826128e-01
6.979684579518410370e-01
7.029156041842627989e-01
6.955749182321292468e-01
6.912116958700789127e-01
6.978954104956663906e-01
7.121785815287523524e-01
7.068696694162225347e-01
7.150453943128802781e-01
7.087410120211056208e-01
7.005810519985554707e-01
6.986172168889175360e-01
7.099091906203024438e-01
7.045395541858162636e-01
6.874639765716133999e-01
6.976663255440473943e-01
6.875665194023523608e-01
6.701539063454048373e-01
6.947779070968126414e-01
6.834867373322557338e-01
6.778035366267505246e-01
6.592938049200002260e-01
6.512030898056478945e-01
6.398606089272455000e-01
6.490038542509363184e-01
6.256891976829694890e-01
6.068886336429472061e-01
5.540154161255954612e-01
5.584090906662538822e-01
4.902821234635607595e-01
