9.436489768718939786e+01
9.442854762907268196e+01
9.446500361439169069e+01
9.438566223545605283e+01
9.425556973999584898e+01
9.429883521686591052e+01
9.441463258112057133e+01
9.473935570847439180e+01
9.461053149081774905e+01
9.445003233508268181e+01
9.461429631546494079e+01
9.474920986692924885e+01
9.437699233640137209e+01
9.458769448860078910e+01
9.450886122096183328e+01
9.445041241833610002e+01
9.498778212379639285e+01
9.496371685253939177e+01
9.473943972687777659e+01
9.493770715537530691e+01
9.491977522756585017e+01
9.448411980160133794e+01
9.415880454454743642e+01
9.420777927197173085e+01
9.419420429850953269e+01
9.418709874210847488e+01
9.413249878253333236e+01
9.427252945485179225e+01
9.434379306443283042e+01
9.443670941683066644e+01
9.397001119125133073e+01
9.425510563833901756e+01
