8.401712502165122887e-01
8.340643878018809687e-01
8.469215966097385362e-01
8.463749124982502536e-01
8.446296893750776524e-01
8.296920922197399406e-01
8.468249513653351990e-01
8.524376323627655960e-01
8.542634424878747801e-01
8.528331357660048351e-01
8.464127379806207774e-01
8.353799189324584429e-01
8.500900690948700600e-01
8.303802867596155046e-01
8.581376964443054867e-01
8.548284662612029017e-01
8.340040470318360599e-01
8.583795438367403108e-01
8.618839098489967654e-01
8.704932669099618714e-01
8.654091458298946993e-01
8.625388050032076759e-01
8.600064098733780638e-01
8.611286984580326376e-01
8.560255639127476446e-01
8.629098731937021594e-01
8.774520845469742092e-01
8.617634643845680786e-01
8.568990087549535062e-01
8.357306184346620093e-01
8.749700934492691262e-01
8.854954389209412913e-01
