3.889696836220969800e+01
3.891707150352185351e+01
4.055976933859982125e+01
4.019918153673810224e+01
3.987169457546851703e+01
3.940005689555788138e+01
3.976647197501647923e+01
3.987257813316806221e+01
4.012542363071302987e+01
3.961963401268835838e+01
3.975741402927607737e+01
4.018816222096489810e+01
4.042191755721982105e+01
3.927205113549441506e+01
4.046864221311684418e+01
4.180833631983429655e+01
4.180565536942886240e+01
4.209326656135850442e+01
4.110527604165964988e+01
4.025202164318410780e+01
4.237183976197820812e+01
3.874588641664843180e+01
3.987088017937558959e+01
3.994881270227995884e+01
4.081586620681456878e+01
4.061913997393442344e+01
4.257355896906167914e+01
4.249299750482764182e+01
4.319535087311631827e+01
4.370379901504091436e+01
4.434440248015539510e+01
4.579687876004167890e+01
