2.618647473132448833e-01
2.611287238934449362e-01
2.598714377507722051e-01
2.615553712346510573e-01
2.631226442168712043e-01
2.641230632142034240e-01
2.638335691872742972e-01
2.630888802485473743e-01
2.632878904622409921e-01
2.632360275710748931e-01
2.639067493277018617e-01
2.637927795480287663e-01
2.634339018008071132e-01
2.668926452262449511e-01
2.643492311866519340e-01
2.663740948770881301e-01
2.642934276971961038e-01
2.641345132897667258e-01
2.637894500770565642e-01
2.678053974472061616e-01
2.650760777565515092e-01
2.823603061216965471e-01
2.900640139802930229e-01
2.880612185140158377e-01
2.843782146494686081e-01
2.923987312437630881e-01
2.929768858392354791e-01
2.927913021651887826e-01
2.930110856958396681e-01
2.965453793158055462e-01
2.949506627609393417e-01
2.936416591448013924e-01
