4.470255028133353070e-01
4.483223298044454741e-01
4.648188711633752801e-01
4.539466031043570826e-01
4.445382982568400476e-01
4.348612296211991080e-01
4.362038101461859219e-01
4.392506647339093351e-01
4.459939464492489458e-01
4.303832877339756058e-01
4.293807084233278171e-01
4.369992116351537614e-01
4.345567974115446264e-01
4.248162419421145364e-01
4.326833123103429046e-01
4.556282144426860858e-01
4.399911466582916986e-01
4.446425550077491295e-01
4.326592005701815347e-01
4.297090101320568678e-01
4.332673826266578709e-01
4.343379765991371988e-01
4.418646841149792559e-01
4.401089873423207899e-01
4.387996268079644158e-01
4.349852228374163077e-01
4.571961434841623206e-01
4.564886498820410199e-01
4.585380595098211831e-01
4.612094516730197435e-01
4.646606152096532938e-01
4.781824339533747303e-01
