4.117604326305238649e-01
4.063220628934576251e-01
4.216227708909648375e-01
4.216652970068962003e-01
4.213272818650740104e-01
4.183264728965419010e-01
4.222619785378699531e-01
4.169662963494705776e-01
4.092736726972790451e-01
4.165379346731699628e-01
4.187900617486214894e-01
4.143810199328176180e-01
4.227081512413833897e-01
4.017622882432921871e-01
4.214240640093332990e-01
4.103662681387195144e-01
4.457799881187517466e-01
4.419780879694207298e-01
4.332396452486959038e-01
4.016719829711617451e-01
4.832594750045108856e-01
2.719028179125635436e-01
2.910081821463910701e-01
2.879256106086766076e-01
3.524121254858388341e-01
3.483106891893217316e-01
3.324691339003550961e-01
2.965820435697203994e-01
3.422706355978890058e-01
3.548367616566970306e-01
3.949474827076844274e-01
4.212242925734216992e-01
