4.949972324927755518e-01
4.702722498437938436e-01
4.199550981544186157e-01
4.905500351802183912e-01
4.830269128998148642e-01
5.070598760587372578e-01
4.896169097717362195e-01
4.557721406311375789e-01
3.833003077527711855e-01
4.835605655257512736e-01
4.780592664223941579e-01
4.756625981113491441e-01
3.947216984048947941e-01
3.356008066478222696e-01
3.637288525603702416e-01
4.797391870434382644e-01
3.823765770329617397e-01
3.539406416106107289e-01
3.948524132584081414e-01
3.334098426001180782e-01
2.943389243105420383e-01
1.381528575884361509e-01
4.316748833229948623e-01
4.783711990250540391e-01
1.304088487059487100e-01
4.586847106408073471e-01
4.973994346027097446e-01
4.991238329929099105e-01
4.924764042201920655e-01
4.558086744648706112e-01
5.735346662203660850e-01
4.621314984506012524e-01
