7.657000000000000739e+01
7.615000000000000568e+01
7.651000000000000512e+01
7.644999999999998863e+01
7.668999999999999773e+01
7.678000000000000114e+01
7.607999999999999829e+01
7.706999999999999318e+01
7.654000000000000625e+01
7.691999999999998749e+01
7.684999999999999432e+01
7.701000000000000512e+01
7.712999999999999545e+01
7.671999999999999886e+01
7.735999999999999943e+01
7.734000000000000341e+01
7.729999999999998295e+01
7.711000000000001364e+01
7.742999999999999261e+01
7.723999999999999488e+01
7.709000000000000341e+01
7.746999999999999886e+01
7.722999999999998977e+01
7.666999999999998749e+01
7.660000000000000853e+01
7.662000000000000455e+01
7.571999999999999886e+01
7.631999999999999318e+01
7.526000000000001933e+01
6.971000000000000796e+01
6.800999999999999091e+01
3.704999999999999716e+01
