2.393369771878141039e-01
2.353637124828368288e-01
2.526983789875821285e-01
2.475981949987923758e-01
2.492568322324752450e-01
2.488016737725461947e-01
2.324748498990304446e-01
2.318805666620238626e-01
2.518250794715167218e-01
2.347442131455314551e-01
2.430660339711895879e-01
2.306083931803043219e-01
2.361765581391909175e-01
2.530845928380998644e-01
2.289152575039681836e-01
2.464191229807522199e-01
2.460933757477692385e-01
2.245348035217630822e-01
2.316034176398642230e-01
2.183669474361800422e-01
2.418473660500830014e-01
2.211541218101238937e-01
2.214062429143226207e-01
2.182045605488626694e-01
2.454447372376059311e-01
2.024067675239128727e-01
1.475268158668926743e-01
1.767993008518931319e-01
1.225214630444262792e-01
1.130906629199034674e-01
1.156809623898954753e-01
-4.936104352304157561e-02
