4.825964070024514285e+01
4.888794053072840029e+01
4.891517791692561445e+01
4.907313836634646265e+01
4.939745430169373464e+01
4.928389077661564954e+01
4.911512515402247914e+01
4.953276147123063566e+01
4.922276335564541938e+01
4.930434433659342375e+01
4.932733554528418551e+01
4.960411158340100002e+01
4.971868784158120036e+01
5.028492001177577464e+01
4.979967153690368065e+01
4.984615137986413202e+01
4.914372251648322987e+01
4.961514332853516862e+01
4.964062062561423261e+01
4.950746938064794023e+01
4.954288391661587099e+01
4.870906238657123311e+01
4.883399125337133739e+01
4.816239213134666386e+01
4.776893753976654722e+01
4.757065780175062741e+01
4.606622866150574680e+01
4.622156382382565454e+01
4.505748552336783774e+01
4.339312639478477251e+01
4.235971305606138060e+01
3.676140581061680734e+01
