3.488307587471241034e-01
3.498092611945742281e-01
3.526712167527389363e-01
3.501312464581016748e-01
3.503618321279304837e-01
3.498787259359213420e-01
3.469346648252783494e-01
3.480307593397439225e-01
3.492279913615201625e-01
3.493124798450034652e-01
3.496353747982183791e-01
3.495340394198067635e-01
3.495413288188614631e-01
3.493921532852123923e-01
3.488426926081683033e-01
3.523657056587355951e-01
3.477947846579845237e-01
3.488676872039255805e-01
3.489144105557561715e-01
3.471353911110583446e-01
3.494494161782252806e-01
3.488338407665212415e-01
3.490688016721837927e-01
3.488174497023016629e-01
3.478383881968031277e-01
3.475603031871258852e-01
3.491246299066074199e-01
3.422455781052501922e-01
3.454967795491484805e-01
3.412356444195707716e-01
3.410606289975748884e-01
3.527278826069841222e-01
