5.376659861833372744e-01
5.405106323755991538e-01
5.367358425498633956e-01
5.298178257251106027e-01
5.391082881047295494e-01
5.322360882951251426e-01
5.270050602033967690e-01
5.255959697108700812e-01
5.217939028388791645e-01
5.177442920073704880e-01
5.208719619318896710e-01
5.110710900693664627e-01
5.117749303323363419e-01
5.203868286542505661e-01
5.145679226151240737e-01
5.076693168402133249e-01
5.030549508503966427e-01
5.042097231201014829e-01
5.021917939807656328e-01
5.032029791461796187e-01
5.014064997493700160e-01
4.896952237120941187e-01
4.926964647097276107e-01
4.863158893073578071e-01
4.828639609200497396e-01
4.774305162342858955e-01
4.666328995896600329e-01
4.651660047157554212e-01
4.561788467335385899e-01
4.424457211963765402e-01
4.333209329604242876e-01
3.767256912456282136e-01
