5.286937436144258928e-01
5.355106123316263345e-01
5.360241735909233585e-01
5.435438477074829855e-01
5.365328783630751719e-01
5.384388297674268520e-01
5.374433997399177265e-01
5.466704715953890625e-01
5.409820924586467017e-01
5.463701078979306125e-01
5.394468941446823873e-01
5.609950212026514338e-01
5.616982843865004904e-01
5.616428902478927121e-01
5.563300811237461563e-01
5.711341003159404739e-01
5.574404564252292138e-01
5.715030293801410810e-01
5.785138398209841437e-01
5.722188761708066895e-01
5.810154314499965666e-01
5.850213927097095423e-01
5.853746236695929195e-01
5.814961311877915318e-01
5.816188360874282592e-01
6.059201994444167738e-01
5.760278196732826483e-01
6.153664610122013823e-01
6.043612768497959031e-01
5.832958610957827972e-01
5.997246814941418203e-01
6.093684522402177395e-01
