6.871344118097482134e-01
6.790664269546359266e-01
6.810582348456836188e-01
6.646524045508103162e-01
7.073044200955607153e-01
6.759924480393469937e-01
6.935861403097676181e-01
6.834227989131386183e-01
6.958593372533331545e-01
7.203843478904006226e-01
6.931266833811416950e-01
7.403139679714839660e-01
7.064192576561629799e-01
7.010979780926192007e-01
7.063181882816508272e-01
7.373384831199882861e-01
7.123759107728111495e-01
7.191787666631452858e-01
7.283419243904776241e-01
6.988008502273743705e-01
7.633198312162108312e-01
7.212329040620438780e-01
7.261575810548079879e-01
7.183207950769624484e-01
7.534912183262291174e-01
7.317203933835559893e-01
7.100315671888748348e-01
6.931191962019518371e-01
6.999719785029583363e-01
6.141653654060572620e-01
7.500278633916949156e-01
5.999623069480574111e-01
