8.647830674513666338e+01
8.617541493032196342e+01
8.599616702030490956e+01
8.625549394039481399e+01
8.637212549888563728e+01
8.600293214987620161e+01
8.632761748540696090e+01
8.684327898408906776e+01
8.647125035872633703e+01
8.703983630365019053e+01
8.708974595365842220e+01
8.678400482687156625e+01
8.663864410506292302e+01
8.691914974836227259e+01
8.691435992212232975e+01
8.729865764538318729e+01
8.751960436264178611e+01
8.723069794318817571e+01
8.698379807958698962e+01
8.709625393534908255e+01
8.705748072807489280e+01
8.679042858725426868e+01
8.734174204258832219e+01
8.757712832076776976e+01
8.716811208536492472e+01
8.697957225383001401e+01
8.677283166563708505e+01
8.711926142182056765e+01
8.670866912357564615e+01
8.607791138007482346e+01
7.658059922170173195e+01
