3.375185125626015692e-01
3.274244961449132574e-01
3.485117629387149973e-01
3.679638372549208780e-01
3.338319900727277911e-01
3.490891341210865528e-01
3.519659005145955866e-01
3.519190409490910998e-01
3.506853668684495884e-01
3.338261803652002868e-01
3.368710745642793380e-01
3.803205883175953539e-01
3.205194332507039778e-01
3.476593878559207651e-01
3.296225794947957866e-01
3.203066433983546846e-01
3.373857352653503727e-01
3.326192398504945191e-01
2.885703772099025288e-01
3.136217457524761998e-01
3.085095340181172041e-01
3.019600297298107305e-01
2.936666705692765333e-01
2.784470514312357148e-01
3.110799813964221783e-01
2.703714361211858597e-01
2.585083195911662135e-01
2.472699865505377237e-01
2.073750051228308855e-01
1.468499890379161565e-01
1.695499965732644998e-01
