4.951154769585392046e+01
4.987288232604678484e+01
4.939102062417608607e+01
4.972973525871750411e+01
4.936432924023234392e+01
4.821944364340433253e+01
4.982268413936974127e+01
4.981811397356438675e+01
4.956434383728590376e+01
4.972460583549678148e+01
4.899670277360701220e+01
4.962945489596193482e+01
4.915333142792594856e+01
4.939439558486041904e+01
4.920687702073530545e+01
4.913362067787684140e+01
4.903938898215288589e+01
4.816525661923487434e+01
4.904726217075010908e+01
4.857309928987999115e+01
4.799601225038951924e+01
4.785597210525353518e+01
4.834766931575689597e+01
4.731669942709014265e+01
4.791237713398649589e+01
4.645655736826326176e+01
4.706290291296317463e+01
4.606230400644641065e+01
4.630404792061922592e+01
4.529807347152555508e+01
4.286664232395193608e+01
