2.631339384467286102e-01
2.608441792881536214e-01
2.601182084279395901e-01
2.608196211449581581e-01
2.599331656108073707e-01
2.596587688786837766e-01
2.565480742181238116e-01
2.598436319165009500e-01
2.584278355079981937e-01
2.605763398049165680e-01
2.597168855908466578e-01
2.625901173764162433e-01
2.599556799399840301e-01
2.595122513856520374e-01
2.593690192739400713e-01
2.595749667309154018e-01
2.606792059752522928e-01
2.611307676546206769e-01
2.601054965541780284e-01
2.589398840853401884e-01
2.591590358643023895e-01
2.580500606811916287e-01
2.602360142097540630e-01
2.597890432001239147e-01
2.598641130728985837e-01
2.570038951240447567e-01
2.581448769546764166e-01
2.578179624537521031e-01
2.576823192781484417e-01
2.627424870024487324e-01
2.626822334708165396e-01
