5.555555847575547324e-01
5.515251841004871203e-01
5.492548071844753910e-01
5.490483438871011090e-01
5.403218931445720186e-01
5.234461687173830313e-01
5.413913731894554049e-01
5.381773640971894146e-01
5.291445618212102797e-01
5.272444070516791870e-01
5.177497435059251751e-01
5.231961898394944521e-01
5.149090750072298217e-01
5.209363050021428299e-01
5.090774338042571845e-01
5.114530095191373027e-01
5.071024394704763960e-01
4.983580643804818022e-01
5.054201698414284571e-01
4.966426361767764530e-01
4.903652226875697684e-01
4.871220964019444821e-01
4.925969773993737477e-01
4.833766186177206881e-01
4.845489306023497145e-01
4.732925385924469652e-01
4.792310431158993689e-01
4.693538389964732604e-01
4.740441290069034586e-01
4.627255966492203054e-01
4.372414032499427061e-01
