5.383704097677952660e-01
5.461672841707043702e-01
5.330849718242702817e-01
5.368124182175381121e-01
5.342449842100382984e-01
5.233722319651687993e-01
5.360845077324699615e-01
5.364975286728239645e-01
5.392938019628880086e-01
5.432858056604585872e-01
5.352311421906770228e-01
5.414054666324409348e-01
5.394475978624492241e-01
5.328658736463474099e-01
5.484335107287547917e-01
5.394233868977384994e-01
5.445336355380627769e-01
5.330234426285398452e-01
5.474008768794675905e-01
5.530885569050834061e-01
5.486930628607528115e-01
5.548949521132090501e-01
5.617893689623929543e-01
5.480435567866157598e-01
5.822908544623192073e-01
5.550451271925549435e-01
5.730453490544569206e-01
5.717615930773414235e-01
5.734775305593996508e-01
5.987367485504846432e-01
6.279867973169152018e-01
