7.109120584537880205e-01
7.211847459703348839e-01
7.103150234069076641e-01
7.225522439785900808e-01
7.314179185239897407e-01
7.187698328201067577e-01
7.415455216637275582e-01
7.475169463804005598e-01
7.342145617696992366e-01
7.526381454350613565e-01
7.175224802162342153e-01
7.566989147018297057e-01
7.295169282622202545e-01
7.613396090578552489e-01
7.689202098211190828e-01
7.249609085153042587e-01
7.889892683335943957e-01
7.765362128775435968e-01
7.430490485089992214e-01
7.622089688816430231e-01
7.412272772529203690e-01
7.788545688644239462e-01
7.776251474370329264e-01
7.439725122125711021e-01
7.560068819721605937e-01
7.706910917017282259e-01
7.603488611142888987e-01
7.490938613142792413e-01
7.211512100192514207e-01
7.163471790995180610e-01
7.192916133331836992e-01
