8.640347654343256067e+01
8.649367525474256979e+01
8.664888997686854566e+01
8.674955956354948228e+01
8.678564078756295430e+01
8.700880069585072363e+01
8.703314597491544191e+01
8.707405250898897009e+01
8.745653704156970321e+01
8.715574089247961354e+01
8.726111584869644844e+01
8.722896843062065386e+01
8.740331162934015197e+01
8.771229146591159065e+01
8.728823453821632938e+01
8.755974439031176360e+01
8.747173886471212256e+01
8.738892000376449687e+01
8.796460827199508969e+01
8.711890891172714646e+01
8.793784153843404283e+01
8.751374275910087874e+01
8.745788566865343228e+01
8.732907097392492801e+01
8.789919736750803736e+01
8.724039656207679627e+01
8.735391221567942921e+01
8.722763171668262316e+01
8.653694347359130745e+01
8.190541367139638851e+01
4.789676980357825187e+01
