3.721096141376625810e-01
3.512452692200638271e-01
3.565560117034101695e-01
3.566812490638648914e-01
3.485666809524390897e-01
3.385760828281626500e-01
3.374488575280932823e-01
3.136804309592798878e-01
3.428595097981230189e-01
3.440399842102696004e-01
3.530756653509962706e-01
3.448885580685129293e-01
3.516676201136015867e-01
3.405749846467665543e-01
3.403322752518185279e-01
3.359133384479640050e-01
3.382862123300270918e-01
3.192345902018474124e-01
3.324720100003157319e-01
3.018480078986741089e-01
3.238714271559011704e-01
3.052681961289985813e-01
2.698449928124988517e-01
2.849999993830129585e-01
3.063266476530769333e-01
3.089692366766554343e-01
2.469916642613110835e-01
2.365200021411049403e-01
2.213000106110694920e-01
1.270333389623323483e-01
-3.527499451135218678e-02
