4.942481340552436819e+01
4.947724957256591694e+01
4.911394657781032436e+01
4.990300622180266288e+01
4.916003185731886305e+01
4.984296952246889134e+01
5.013236294064366660e+01
4.923249279997594385e+01
4.998035129120861342e+01
4.968926220096811619e+01
4.970107562701934967e+01
4.911751620765668491e+01
4.954325386232954997e+01
4.887476778592724713e+01
4.854164295642668492e+01
4.931130445159738684e+01
4.910110904102314322e+01
4.935953222224344472e+01
4.837347384872563083e+01
4.901991916972020391e+01
4.820895691482047596e+01
4.805219389831394494e+01
4.765768941323445773e+01
4.660483207082980073e+01
4.798098071291704514e+01
4.664533634792348948e+01
4.693153342583424603e+01
4.680797053336212343e+01
4.630167260680681096e+01
4.443417710735567283e+01
4.009116240673164100e+01
