2.613932274104969755e-01
2.620942320995889863e-01
2.627032532924182817e-01
2.611989970317287746e-01
2.605200771229297940e-01
2.626642169182104025e-01
2.601123807760145068e-01
2.618869166202673626e-01
2.639057275540439562e-01
2.607715147042475312e-01
2.611570959424975857e-01
2.605879025447484509e-01
2.610143232950000169e-01
2.594503521416882119e-01
2.607770943213141845e-01
2.589339177709942263e-01
2.592608786361533246e-01
2.596873556709647368e-01
2.603773963813867387e-01
2.594444077924011882e-01
2.607091215322093758e-01
2.606532531790006768e-01
2.594884480116878556e-01
2.586699520249431394e-01
2.593396809010638515e-01
2.590051360845125328e-01
2.569376852381384246e-01
2.614439396216432510e-01
2.591759136028606303e-01
2.599422439608412572e-01
2.808111222775844795e-01
