5.512408746667705195e-01
5.466181408837762490e-01
5.410246134270487728e-01
5.500159415159411314e-01
5.369037755580489124e-01
5.419298997668001716e-01
5.415696979215386397e-01
5.276978253017312603e-01
5.324565326386238029e-01
5.277982716733455870e-01
5.250392800915487657e-01
5.157697902542006663e-01
5.203372618779595893e-01
5.124531109691266018e-01
5.057972883062936686e-01
5.108609462182250871e-01
5.078974712660559998e-01
5.080092733901093727e-01
4.963602664434805245e-01
5.036143179452303720e-01
4.936943528639959888e-01
4.909170983510674491e-01
4.893624503851327634e-01
4.706760934549724662e-01
4.893213082814856785e-01
4.759954840463993531e-01
4.744029992966066200e-01
4.773084220648223241e-01
4.742134172094292777e-01
4.518643228460235139e-01
4.133246037393255579e-01
