5.408541305390487386e-01
5.423971685152413347e-01
5.358711641298283812e-01
5.397977193094858350e-01
5.334819773878268778e-01
5.398934720767348816e-01
5.437191065491825404e-01
5.360513714006525099e-01
5.454780138450682214e-01
5.414663203469924913e-01
5.431753705937629739e-01
5.393048046720178013e-01
5.412816785069568537e-01
5.331585303328678638e-01
5.336991014800691602e-01
5.467140697243532133e-01
5.448537377634664614e-01
5.530103551068251688e-01
5.455623410881167423e-01
5.512280695296195576e-01
5.475031791599871411e-01
5.510278421297800655e-01
5.392144181166245165e-01
5.623366811371888208e-01
5.640680266084620031e-01
5.530543823643873091e-01
5.928566774471027978e-01
5.783465552891730033e-01
5.716043453230599258e-01
6.111735265846482967e-01
5.099633800414687945e-01
