7.116468782676976801e-01
7.224377725111931214e-01
7.104700303698268105e-01
7.191530668849532848e-01
7.425246552575834880e-01
7.205010636693295334e-01
7.322989409903902791e-01
7.453888814274504115e-01
7.328875484877043212e-01
7.130694635311600749e-01
7.346237217818857301e-01
7.531324624355442143e-01
7.565543791997129119e-01
7.663682479859089680e-01
7.655574091949061133e-01
7.718137432722839142e-01
7.723249768069180288e-01
7.583923274026970196e-01
7.638531882929285866e-01
7.655472418934421430e-01
7.526579856249013822e-01
7.451094061504870414e-01
7.663778871452349151e-01
7.394006920314233344e-01
7.469462447966478402e-01
7.224728518775371811e-01
7.499336432254853912e-01
7.498976198101778845e-01
7.499532933770910459e-01
6.984159146449593347e-01
6.767921076134642000e-01
